<?xml version="1.0" encoding="UTF-8"?>
<!-- Generated by org.testng.reporters.JUnitReportReporter -->
<testsuite hostname="DESKTOP-UA7G0ND" failures="0" tests="1" name="rahulshettyacademy.AmazonAutomation" time="13.489" errors="0" timestamp="2024-10-19T20:52:22 IST" skipped="0">
  <testcase classname="rahulshettyacademy.AmazonAutomation" name="automate" time="13.489"/>
</testsuite> <!-- rahulshettyacademy.AmazonAutomation -->
